# JRE version: OpenJDK Runtime Environment Temurin-17.0.6+10 (17.0.6+10) (build 17.0.6+10)
# Java VM: OpenJDK 64-Bit Server VM Temurin-17.0.6+10 (17.0.6+10, mixed mode, tiered, compressed oops, compressed class ptrs, parallel gc, windows-amd64)
GC Precious Log:
 CPUs: 8 total, 8 available
 Memory: 16326M
 Large Page Support: Disabled
 NUMA Support: Disabled
 Compressed Oops: Enabled (32-bit)
 Alignments: Space 512K, Generation 512K, Heap 2M
 Heap Min Capacity: 100M
 Heap Initial Capacity: 100M
 Heap Max Capacity: 1G
 Pre-touch: Disabled
 Parallel Workers: 8
Heap:
 PSYoungGen      total 2560K, used 1351K [0x00000000eab00000, 0x00000000eae80000, 0x0000000100000000)
  eden space 1536K, 40% used [0x00000000eab00000,0x00000000eab99f88,0x00000000eac80000)
  from space 1024K, 71% used [0x00000000ead80000,0x00000000eae38000,0x00000000eae80000)
  to   space 1024K, 0% used [0x00000000eac80000,0x00000000eac80000,0x00000000ead80000)
 ParOldGen       total 91648K, used 80621K [0x00000000c0000000, 0x00000000c5980000, 0x00000000eab00000)
  object space 91648K, 87% used [0x00000000c0000000,0x00000000c4ebb458,0x00000000c5980000)
 Metaspace       used 71891K, committed 72960K, reserved 1122304K
  class space    used 7328K, committed 7872K, reserved 1048576K
GC Heap History (20 events):
Event: 63298.613 GC heap before
{Heap before GC invocations=297 (full 8):
 PSYoungGen      total 2560K, used 2326K [0x00000000eab00000, 0x00000000eae80000, 0x0000000100000000)
  eden space 1536K, 100% used [0x00000000eab00000,0x00000000eac80000,0x00000000eac80000)
  from space 1024K, 77% used [0x00000000ead80000,0x00000000eae45ad0,0x00000000eae80000)
  to   space 1024K, 0% used [0x00000000eac80000,0x00000000eac80000,0x00000000ead80000)
 ParOldGen       total 91648K, used 75040K [0x00000000c0000000, 0x00000000c5980000, 0x00000000eab00000)
  object space 91648K, 81% used [0x00000000c0000000,0x00000000c4948320,0x00000000c5980000)
 Metaspace       used 71827K, committed 72896K, reserved 1122304K
  class space    used 7327K, committed 7872K, reserved 1048576K
}
Event: 63298.615 GC heap after
{Heap after GC invocations=297 (full 8):
 PSYoungGen      total 2560K, used 656K [0x00000000eab00000, 0x00000000eaf00000, 0x0000000100000000)
  eden space 1536K, 0% used [0x00000000eab00000,0x00000000eab00000,0x00000000eac80000)
  from space 1024K, 64% used [0x00000000eac80000,0x00000000ead243d0,0x00000000ead80000)
  to   space 1024K, 0% used [0x00000000eae00000,0x00000000eae00000,0x00000000eaf00000)
 ParOldGen       total 91648K, used 75730K [0x00000000c0000000, 0x00000000c5980000, 0x00000000eab00000)
  object space 91648K, 82% used [0x00000000c0000000,0x00000000c49f4958,0x00000000c5980000)
 Metaspace       used 71827K, committed 72896K, reserved 1122304K
  class space    used 7327K, committed 7872K, reserved 1048576K
}
Event: 63298.755 GC heap before
{Heap before GC invocations=298 (full 8):
 PSYoungGen      total 2560K, used 2192K [0x00000000eab00000, 0x00000000eaf00000, 0x0000000100000000)
  eden space 1536K, 100% used [0x00000000eab00000,0x00000000eac80000,0x00000000eac80000)
  from space 1024K, 64% used [0x00000000eac80000,0x00000000ead243d0,0x00000000ead80000)
  to   space 1024K, 0% used [0x00000000eae00000,0x00000000eae00000,0x00000000eaf00000)
 ParOldGen       total 91648K, used 75730K [0x00000000c0000000, 0x00000000c5980000, 0x00000000eab00000)
  object space 91648K, 82% used [0x00000000c0000000,0x00000000c49f4958,0x00000000c5980000)
 Metaspace       used 71846K, committed 72960K, reserved 1122304K
  class space    used 7328K, committed 7872K, reserved 1048576K
}
Event: 63298.758 GC heap after
{Heap after GC invocations=298 (full 8):
 PSYoungGen      total 2560K, used 592K [0x00000000eab00000, 0x00000000eaf00000, 0x0000000100000000)
  eden space 1536K, 0% used [0x00000000eab00000,0x00000000eab00000,0x00000000eac80000)
  from space 1024K, 57% used [0x00000000eae00000,0x00000000eae943d0,0x00000000eaf00000)
  to   space 1024K, 0% used [0x00000000eac80000,0x00000000eac80000,0x00000000ead80000)
 ParOldGen       total 91648K, used 76332K [0x00000000c0000000, 0x00000000c5980000, 0x00000000eab00000)
  object space 91648K, 83% used [0x00000000c0000000,0x00000000c4a8b3c0,0x00000000c5980000)
 Metaspace       used 71846K, committed 72960K, reserved 1122304K
  class space    used 7328K, committed 7872K, reserved 1048576K
}
Event: 63298.767 GC heap before
{Heap before GC invocations=299 (full 8):
 PSYoungGen      total 2560K, used 2128K [0x00000000eab00000, 0x00000000eaf00000, 0x0000000100000000)
  eden space 1536K, 99% used [0x00000000eab00000,0x00000000eac7fff8,0x00000000eac80000)
  from space 1024K, 57% used [0x00000000eae00000,0x00000000eae943d0,0x00000000eaf00000)
  to   space 1024K, 0% used [0x00000000eac80000,0x00000000eac80000,0x00000000ead80000)
 ParOldGen       total 91648K, used 76332K [0x00000000c0000000, 0x00000000c5980000, 0x00000000eab00000)
  object space 91648K, 83% used [0x00000000c0000000,0x00000000c4a8b3c0,0x00000000c5980000)
 Metaspace       used 71846K, committed 72960K, reserved 1122304K
  class space    used 7328K, committed 7872K, reserved 1048576K
}
Event: 63298.769 GC heap after
{Heap after GC invocations=299 (full 8):
 PSYoungGen      total 2560K, used 720K [0x00000000eab00000, 0x00000000eae80000, 0x0000000100000000)
  eden space 1536K, 0% used [0x00000000eab00000,0x00000000eab00000,0x00000000eac80000)
  from space 1024K, 70% used [0x00000000eac80000,0x00000000ead34010,0x00000000ead80000)
  to   space 1024K, 0% used [0x00000000ead80000,0x00000000ead80000,0x00000000eae80000)
 ParOldGen       total 91648K, used 76817K [0x00000000c0000000, 0x00000000c5980000, 0x00000000eab00000)
  object space 91648K, 83% used [0x00000000c0000000,0x00000000c4b047c0,0x00000000c5980000)
 Metaspace       used 71846K, committed 72960K, reserved 1122304K
  class space    used 7328K, committed 7872K, reserved 1048576K
}
Event: 63298.792 GC heap before
{Heap before GC invocations=300 (full 8):
 PSYoungGen      total 2560K, used 2256K [0x00000000eab00000, 0x00000000eae80000, 0x0000000100000000)
  eden space 1536K, 100% used [0x00000000eab00000,0x00000000eac80000,0x00000000eac80000)
  from space 1024K, 70% used [0x00000000eac80000,0x00000000ead34010,0x00000000ead80000)
  to   space 1024K, 0% used [0x00000000ead80000,0x00000000ead80000,0x00000000eae80000)
 ParOldGen       total 91648K, used 76817K [0x00000000c0000000, 0x00000000c5980000, 0x00000000eab00000)
  object space 91648K, 83% used [0x00000000c0000000,0x00000000c4b047c0,0x00000000c5980000)
 Metaspace       used 71864K, committed 72960K, reserved 1122304K
  class space    used 7328K, committed 7872K, reserved 1048576K
}
Event: 63298.794 GC heap after
{Heap after GC invocations=300 (full 8):
 PSYoungGen      total 2560K, used 704K [0x00000000eab00000, 0x00000000eae80000, 0x0000000100000000)
  eden space 1536K, 0% used [0x00000000eab00000,0x00000000eab00000,0x00000000eac80000)
  from space 1024K, 68% used [0x00000000ead80000,0x00000000eae30000,0x00000000eae80000)
  to   space 1024K, 0% used [0x00000000eac80000,0x00000000eac80000,0x00000000ead80000)
 ParOldGen       total 91648K, used 77421K [0x00000000c0000000, 0x00000000c5980000, 0x00000000eab00000)
  object space 91648K, 84% used [0x00000000c0000000,0x00000000c4b9b7f0,0x00000000c5980000)
 Metaspace       used 71864K, committed 72960K, reserved 1122304K
  class space    used 7328K, committed 7872K, reserved 1048576K
}
Event: 63298.984 GC heap before
{Heap before GC invocations=301 (full 8):
 PSYoungGen      total 2560K, used 2240K [0x00000000eab00000, 0x00000000eae80000, 0x0000000100000000)
  eden space 1536K, 100% used [0x00000000eab00000,0x00000000eac80000,0x00000000eac80000)
  from space 1024K, 68% used [0x00000000ead80000,0x00000000eae30000,0x00000000eae80000)
  to   space 1024K, 0% used [0x00000000eac80000,0x00000000eac80000,0x00000000ead80000)
 ParOldGen       total 91648K, used 77421K [0x00000000c0000000, 0x00000000c5980000, 0x00000000eab00000)
  object space 91648K, 84% used [0x00000000c0000000,0x00000000c4b9b7f0,0x00000000c5980000)
 Metaspace       used 71865K, committed 72960K, reserved 1122304K
  class space    used 7328K, committed 7872K, reserved 1048576K
}
Event: 63298.985 GC heap after
{Heap after GC invocations=301 (full 8):
 PSYoungGen      total 2560K, used 160K [0x00000000eab00000, 0x00000000eae00000, 0x0000000100000000)
  eden space 1536K, 0% used [0x00000000eab00000,0x00000000eab00000,0x00000000eac80000)
  from space 1024K, 15% used [0x00000000eac80000,0x00000000eaca8000,0x00000000ead80000)
  to   space 512K, 0% used [0x00000000ead80000,0x00000000ead80000,0x00000000eae00000)
 ParOldGen       total 91648K, used 77950K [0x00000000c0000000, 0x00000000c5980000, 0x00000000eab00000)
  object space 91648K, 85% used [0x00000000c0000000,0x00000000c4c1f918,0x00000000c5980000)
 Metaspace       used 71865K, committed 72960K, reserved 1122304K
  class space    used 7328K, committed 7872K, reserved 1048576K
}
Event: 63298.993 GC heap before
{Heap before GC invocations=302 (full 8):
 PSYoungGen      total 2560K, used 1696K [0x00000000eab00000, 0x00000000eae00000, 0x0000000100000000)
  eden space 1536K, 100% used [0x00000000eab00000,0x00000000eac80000,0x00000000eac80000)
  from space 1024K, 15% used [0x00000000eac80000,0x00000000eaca8000,0x00000000ead80000)
  to   space 512K, 0% used [0x00000000ead80000,0x00000000ead80000,0x00000000eae00000)
 ParOldGen       total 91648K, used 77950K [0x00000000c0000000, 0x00000000c5980000, 0x00000000eab00000)
  object space 91648K, 85% used [0x00000000c0000000,0x00000000c4c1f918,0x00000000c5980000)
 Metaspace       used 71866K, committed 72960K, reserved 1122304K
  class space    used 7328K, committed 7872K, reserved 1048576K
}
Event: 63298.994 GC heap after
{Heap after GC invocations=302 (full 8):
 PSYoungGen      total 2048K, used 496K [0x00000000eab00000, 0x00000000eae80000, 0x0000000100000000)
  eden space 1536K, 0% used [0x00000000eab00000,0x00000000eab00000,0x00000000eac80000)
  from space 512K, 96% used [0x00000000ead80000,0x00000000eadfc010,0x00000000eae00000)
  to   space 1024K, 0% used [0x00000000eac80000,0x00000000eac80000,0x00000000ead80000)
 ParOldGen       total 91648K, used 78176K [0x00000000c0000000, 0x00000000c5980000, 0x00000000eab00000)
  object space 91648K, 85% used [0x00000000c0000000,0x00000000c4c58228,0x00000000c5980000)
 Metaspace       used 71866K, committed 72960K, reserved 1122304K
  class space    used 7328K, committed 7872K, reserved 1048576K
}
Event: 63299.012 GC heap before
{Heap before GC invocations=303 (full 8):
 PSYoungGen      total 2048K, used 2032K [0x00000000eab00000, 0x00000000eae80000, 0x0000000100000000)
  eden space 1536K, 100% used [0x00000000eab00000,0x00000000eac80000,0x00000000eac80000)
  from space 512K, 96% used [0x00000000ead80000,0x00000000eadfc010,0x00000000eae00000)
  to   space 1024K, 0% used [0x00000000eac80000,0x00000000eac80000,0x00000000ead80000)
 ParOldGen       total 91648K, used 78176K [0x00000000c0000000, 0x00000000c5980000, 0x00000000eab00000)
  object space 91648K, 85% used [0x00000000c0000000,0x00000000c4c58228,0x00000000c5980000)
 Metaspace       used 71884K, committed 72960K, reserved 1122304K
  class space    used 7328K, committed 7872K, reserved 1048576K
}
Event: 63299.015 GC heap after
{Heap after GC invocations=303 (full 8):
 PSYoungGen      total 2560K, used 704K [0x00000000eab00000, 0x00000000eae80000, 0x0000000100000000)
  eden space 1536K, 0% used [0x00000000eab00000,0x00000000eab00000,0x00000000eac80000)
  from space 1024K, 68% used [0x00000000eac80000,0x00000000ead30000,0x00000000ead80000)
  to   space 1024K, 0% used [0x00000000ead80000,0x00000000ead80000,0x00000000eae80000)
 ParOldGen       total 91648K, used 78699K [0x00000000c0000000, 0x00000000c5980000, 0x00000000eab00000)
  object space 91648K, 85% used [0x00000000c0000000,0x00000000c4cdad38,0x00000000c5980000)
 Metaspace       used 71884K, committed 72960K, reserved 1122304K
  class space    used 7328K, committed 7872K, reserved 1048576K
}
Event: 63299.023 GC heap before
{Heap before GC invocations=304 (full 8):
 PSYoungGen      total 2560K, used 2240K [0x00000000eab00000, 0x00000000eae80000, 0x0000000100000000)
  eden space 1536K, 100% used [0x00000000eab00000,0x00000000eac80000,0x00000000eac80000)
  from space 1024K, 68% used [0x00000000eac80000,0x00000000ead30000,0x00000000ead80000)
  to   space 1024K, 0% used [0x00000000ead80000,0x00000000ead80000,0x00000000eae80000)
 ParOldGen       total 91648K, used 78699K [0x00000000c0000000, 0x00000000c5980000, 0x00000000eab00000)
  object space 91648K, 85% used [0x00000000c0000000,0x00000000c4cdad38,0x00000000c5980000)
 Metaspace       used 71888K, committed 72960K, reserved 1122304K
  class space    used 7328K, committed 7872K, reserved 1048576K
}
Event: 63299.026 GC heap after
{Heap after GC invocations=304 (full 8):
 PSYoungGen      total 2560K, used 758K [0x00000000eab00000, 0x00000000eae80000, 0x0000000100000000)
  eden space 1536K, 0% used [0x00000000eab00000,0x00000000eab00000,0x00000000eac80000)
  from space 1024K, 74% used [0x00000000ead80000,0x00000000eae3daf0,0x00000000eae80000)
  to   space 1024K, 0% used [0x00000000eac80000,0x00000000eac80000,0x00000000ead80000)
 ParOldGen       total 91648K, used 79322K [0x00000000c0000000, 0x00000000c5980000, 0x00000000eab00000)
  object space 91648K, 86% used [0x00000000c0000000,0x00000000c4d76958,0x00000000c5980000)
 Metaspace       used 71888K, committed 72960K, reserved 1122304K
  class space    used 7328K, committed 7872K, reserved 1048576K
}
Event: 63299.096 GC heap before
{Heap before GC invocations=305 (full 8):
 PSYoungGen      total 2560K, used 2294K [0x00000000eab00000, 0x00000000eae80000, 0x0000000100000000)
  eden space 1536K, 100% used [0x00000000eab00000,0x00000000eac80000,0x00000000eac80000)
  from space 1024K, 74% used [0x00000000ead80000,0x00000000eae3daf0,0x00000000eae80000)
  to   space 1024K, 0% used [0x00000000eac80000,0x00000000eac80000,0x00000000ead80000)
 ParOldGen       total 91648K, used 79322K [0x00000000c0000000, 0x00000000c5980000, 0x00000000eab00000)
  object space 91648K, 86% used [0x00000000c0000000,0x00000000c4d76958,0x00000000c5980000)
 Metaspace       used 71889K, committed 72960K, reserved 1122304K
  class space    used 7328K, committed 7872K, reserved 1048576K
}
Event: 63299.099 GC heap after
{Heap after GC invocations=305 (full 8):
 PSYoungGen      total 2560K, used 724K [0x00000000eab00000, 0x00000000eae80000, 0x0000000100000000)
  eden space 1536K, 0% used [0x00000000eab00000,0x00000000eab00000,0x00000000eac80000)
  from space 1024K, 70% used [0x00000000eac80000,0x00000000ead35200,0x00000000ead80000)
  to   space 1024K, 0% used [0x00000000ead80000,0x00000000ead80000,0x00000000eae80000)
 ParOldGen       total 91648K, used 80003K [0x00000000c0000000, 0x00000000c5980000, 0x00000000eab00000)
  object space 91648K, 87% used [0x00000000c0000000,0x00000000c4e20d68,0x00000000c5980000)
 Metaspace       used 71889K, committed 72960K, reserved 1122304K
  class space    used 7328K, committed 7872K, reserved 1048576K
}
Event: 63299.107 GC heap before
{Heap before GC invocations=306 (full 8):
 PSYoungGen      total 2560K, used 2260K [0x00000000eab00000, 0x00000000eae80000, 0x0000000100000000)
  eden space 1536K, 100% used [0x00000000eab00000,0x00000000eac80000,0x00000000eac80000)
  from space 1024K, 70% used [0x00000000eac80000,0x00000000ead35200,0x00000000ead80000)
  to   space 1024K, 0% used [0x00000000ead80000,0x00000000ead80000,0x00000000eae80000)
 ParOldGen       total 91648K, used 80003K [0x00000000c0000000, 0x00000000c5980000, 0x00000000eab00000)
  object space 91648K, 87% used [0x00000000c0000000,0x00000000c4e20d68,0x00000000c5980000)
 Metaspace       used 71890K, committed 72960K, reserved 1122304K
  class space    used 7328K, committed 7872K, reserved 1048576K
}
Event: 63299.111 GC heap after
{Heap after GC invocations=306 (full 8):
 PSYoungGen      total 2560K, used 736K [0x00000000eab00000, 0x00000000eae80000, 0x0000000100000000)
  eden space 1536K, 0% used [0x00000000eab00000,0x00000000eab00000,0x00000000eac80000)
  from space 1024K, 71% used [0x00000000ead80000,0x00000000eae38000,0x00000000eae80000)
  to   space 1024K, 0% used [0x00000000eac80000,0x00000000eac80000,0x00000000ead80000)
 ParOldGen       total 91648K, used 80621K [0x00000000c0000000, 0x00000000c5980000, 0x00000000eab00000)
  object space 91648K, 87% used [0x00000000c0000000,0x00000000c4ebb458,0x00000000c5980000)
 Metaspace       used 71890K, committed 72960K, reserved 1122304K
  class space    used 7328K, committed 7872K, reserved 1048576K
}

